<?xml version="1.0" encoding="UTF-8"?>
<testsuites name="Mocha Tests" time="6.862" tests="5" failures="0">
  <testsuite name="Root Suite" timestamp="2023-05-29T09:51:55" tests="0" file="cypress\e2e\2-advanced-examples\storage.cy.js" time="0.000" failures="0">
  </testsuite>
  <testsuite name="Local Storage / Session Storage" timestamp="2023-05-29T09:51:55" tests="5" time="6.786" failures="0">
    <testcase name="Local Storage / Session Storage cy.clearLocalStorage() - clear all data in localStorage for the current origin" time="1.386" classname="cy.clearLocalStorage() - clear all data in localStorage for the current origin">
    </testcase>
    <testcase name="Local Storage / Session Storage cy.getAllLocalStorage() - get all data in localStorage for all origins" time="0.594" classname="cy.getAllLocalStorage() - get all data in localStorage for all origins">
    </testcase>
    <testcase name="Local Storage / Session Storage cy.clearAllLocalStorage() - clear all data in localStorage for all origins" time="0.546" classname="cy.clearAllLocalStorage() - clear all data in localStorage for all origins">
    </testcase>
    <testcase name="Local Storage / Session Storage cy.getAllSessionStorage() - get all data in sessionStorage for all origins" time="0.499" classname="cy.getAllSessionStorage() - get all data in sessionStorage for all origins">
    </testcase>
    <testcase name="Local Storage / Session Storage cy.clearAllSessionStorage() - clear all data in sessionStorage for all origins" time="0.515" classname="cy.clearAllSessionStorage() - clear all data in sessionStorage for all origins">
    </testcase>
  </testsuite>
</testsuites>