<?xml version="1.0" encoding="UTF-8"?>
<testsuites name="Mocha Tests" time="2.084" tests="1" failures="0">
  <testsuite name="Root Suite" timestamp="2023-05-29T10:01:07" tests="0" file="cypress\e2e\api\express_deposit_request_get.js" time="0.000" failures="0">
  </testsuite>
  <testsuite name="GET Request" timestamp="2023-05-29T10:01:07" tests="1" time="2.042" failures="0">
    <testcase name="GET Request should make a GET request with originatorid and token" time="1.955" classname="should make a GET request with originatorid and token">
    </testcase>
  </testsuite>
</testsuites>