<?xml version="1.0" encoding="UTF-8"?>
<testsuites name="Mocha Tests" time="60.808" tests="4" failures="1">
  <testsuite name="Root Suite" timestamp="2023-05-31T11:44:34" tests="0" file="cypress\e2e\visual\login.js" time="0.000" failures="0">
  </testsuite>
  <testsuite name="Login Test" timestamp="2023-05-31T11:44:34" tests="4" time="60.756" failures="1">
    <testcase name="Login Test &quot;before each&quot; hook for &quot;should successfully login with valid credentials for the super user&quot;" time="0.000" classname="&quot;before each&quot; hook for &quot;should successfully login with valid credentials for the super user&quot;">
      <failure message="Timed out after waiting `60000ms` for your remote page to load.

Your page did not fire its `load` event within `60000ms`.

You can try increasing the `pageLoadTimeout` value in `cypress.config.js` to wait longer.

Browsers will not fire the `load` event until all stylesheets and scripts are done downloading.

When this `load` event occurs, Cypress will continue running commands.

Because this error occurred during a `before each` hook we are skipping the remaining tests in the current suite: `Login Test`" type="CypressError"><![CDATA[CypressError: Timed out after waiting `60000ms` for your remote page to load.

Your page did not fire its `load` event within `60000ms`.

You can try increasing the `pageLoadTimeout` value in `cypress.config.js` to wait longer.

Browsers will not fire the `load` event until all stylesheets and scripts are done downloading.

When this `load` event occurs, Cypress will continue running commands.

Because this error occurred during a `before each` hook we are skipping the remaining tests in the current suite: `Login Test`
    at timedOutWaitingForPageLoad (http://localhost:49508/__cypress/runner/cypress_runner.js:146720:72)
    at <unknown> (http://localhost:49508/__cypress/runner/cypress_runner.js:147694:16)
    at tryCatcher (http://localhost:49508/__cypress/runner/cypress_runner.js:18744:23)
    at <unknown> (http://localhost:49508/__cypress/runner/cypress_runner.js:13866:41)
    at tryCatcher (http://localhost:49508/__cypress/runner/cypress_runner.js:18744:23)
    at Promise._settlePromiseFromHandler (http://localhost:49508/__cypress/runner/cypress_runner.js:16679:31)
    at Promise._settlePromise (http://localhost:49508/__cypress/runner/cypress_runner.js:16736:18)
    at Promise._settlePromise0 (http://localhost:49508/__cypress/runner/cypress_runner.js:16781:10)
    at Promise._settlePromises (http://localhost:49508/__cypress/runner/cypress_runner.js:16857:18)
    at _drainQueueStep (http://localhost:49508/__cypress/runner/cypress_runner.js:13451:12)
    at _drainQueue (http://localhost:49508/__cypress/runner/cypress_runner.js:13444:9)
    at ../../node_modules/bluebird/js/release/async.js.Async._drainQueues (http://localhost:49508/__cypress/runner/cypress_runner.js:13460:5)
    at Async.drainQueues (http://localhost:49508/__cypress/runner/cypress_runner.js:13330:14)
From Your Spec Code:
    at Context.eval (webpack:///./cypress/e2e/visual/login.js:4:9)]]></failure>
    </testcase>
  </testsuite>
</testsuites>