<?xml version="1.0" encoding="UTF-8"?>
<testsuites name="Mocha Tests" time="4.140" tests="1" failures="0">
  <testsuite name="Root Suite" timestamp="2023-06-14T12:29:02" tests="0" file="cypress\e2e\api\paymentorder.js" time="0.000" failures="0">
  </testsuite>
  <testsuite name="Api Endpoints for zamupay" timestamp="2023-06-14T12:29:02" tests="1" time="4.068" failures="0">
    <testcase name="Api Endpoints for zamupay should send a payment order request with token" time="4.046" classname="should send a payment order request with token">
    </testcase>
  </testsuite>
</testsuites>