<?xml version="1.0" encoding="UTF-8"?>
<testsuites name="Mocha Tests" time="8.409" tests="7" failures="0">
  <testsuite name="Root Suite" timestamp="2023-05-29T09:51:39" tests="0" file="cypress\e2e\2-advanced-examples\spies_stubs_clocks.cy.js" time="0.000" failures="0">
  </testsuite>
  <testsuite name="Spies, Stubs, and Clock" timestamp="2023-05-29T09:51:39" tests="7" time="8.358" failures="0">
    <testcase name="Spies, Stubs, and Clock cy.spy() - wrap a method in a spy" time="0.858" classname="cy.spy() - wrap a method in a spy">
    </testcase>
    <testcase name="Spies, Stubs, and Clock cy.spy() retries until assertions pass" time="2.600" classname="cy.spy() retries until assertions pass">
    </testcase>
    <testcase name="Spies, Stubs, and Clock cy.stub() - create a stub and/or replace a function with stub" time="0.361" classname="cy.stub() - create a stub and/or replace a function with stub">
    </testcase>
    <testcase name="Spies, Stubs, and Clock cy.clock() - control time in the browser" time="0.498" classname="cy.clock() - control time in the browser">
    </testcase>
    <testcase name="Spies, Stubs, and Clock cy.tick() - move time in the browser" time="0.697" classname="cy.tick() - move time in the browser">
    </testcase>
    <testcase name="Spies, Stubs, and Clock cy.stub() matches depending on arguments" time="0.114" classname="cy.stub() matches depending on arguments">
    </testcase>
    <testcase name="Spies, Stubs, and Clock matches call arguments using Sinon matchers" time="0.116" classname="matches call arguments using Sinon matchers">
    </testcase>
  </testsuite>
</testsuites>