<?xml version="1.0" encoding="UTF-8"?>
<testsuites name="Mocha Tests" time="0.696" tests="1" failures="0">
  <testsuite name="Root Suite" timestamp="2023-05-29T10:01:35" tests="0" file="cypress\e2e\api\TransactionRoutes.js" time="0.000" failures="0">
  </testsuite>
  <testsuite name="Being able to retrieve transactional routes in zamupay" timestamp="2023-05-29T10:01:35" tests="1" time="0.634" failures="0">
    <testcase name="Being able to retrieve transactional routes in zamupay should perform a GET request " time="0.621" classname="should perform a GET request ">
    </testcase>
  </testsuite>
</testsuites>