<?xml version="1.0" encoding="UTF-8"?>
<testsuites name="Mocha Tests" time="105.779" tests="1" failures="1">
  <testsuite name="Root Suite" timestamp="2023-06-14T12:29:25" tests="0" file="cypress\e2e\visual\login.js" time="0.000" failures="0">
  </testsuite>
  <testsuite name="Login and Redirect to Dashboard" timestamp="2023-06-14T12:29:25" tests="1" time="105.671" failures="1">
    <testcase name="Login and Redirect to Dashboard should successfully login and redirect to the dashboard" time="0.000" classname="should successfully login and redirect to the dashboard">
      <failure message="Timed out after waiting `60000ms` for your remote page to load.

Your page did not fire its `load` event within `60000ms`.

You can try increasing the `pageLoadTimeout` value in `cypress.config.js` to wait longer.

Browsers will not fire the `load` event until all stylesheets and scripts are done downloading.

When this `load` event occurs, Cypress will continue running commands." type="CypressError"><![CDATA[CypressError: Timed out after waiting `60000ms` for your remote page to load.

Your page did not fire its `load` event within `60000ms`.

You can try increasing the `pageLoadTimeout` value in `cypress.config.js` to wait longer.

Browsers will not fire the `load` event until all stylesheets and scripts are done downloading.

When this `load` event occurs, Cypress will continue running commands.
    at timedOutWaitingForPageLoad (https://beta.zamupay.com/__cypress/runner/cypress_runner.js:146720:72)
    at <unknown> (https://beta.zamupay.com/__cypress/runner/cypress_runner.js:147018:16)
    at tryCatcher (https://beta.zamupay.com/__cypress/runner/cypress_runner.js:18744:23)
    at <unknown> (https://beta.zamupay.com/__cypress/runner/cypress_runner.js:13866:41)
    at tryCatcher (https://beta.zamupay.com/__cypress/runner/cypress_runner.js:18744:23)
    at Promise._settlePromiseFromHandler (https://beta.zamupay.com/__cypress/runner/cypress_runner.js:16679:31)
    at Promise._settlePromise (https://beta.zamupay.com/__cypress/runner/cypress_runner.js:16736:18)
    at Promise._settlePromise0 (https://beta.zamupay.com/__cypress/runner/cypress_runner.js:16781:10)
    at Promise._settlePromises (https://beta.zamupay.com/__cypress/runner/cypress_runner.js:16857:18)
    at _drainQueueStep (https://beta.zamupay.com/__cypress/runner/cypress_runner.js:13451:12)
    at _drainQueue (https://beta.zamupay.com/__cypress/runner/cypress_runner.js:13444:9)
    at ../../node_modules/bluebird/js/release/async.js.Async._drainQueues (https://beta.zamupay.com/__cypress/runner/cypress_runner.js:13460:5)
    at Async.drainQueues (https://beta.zamupay.com/__cypress/runner/cypress_runner.js:13330:14)
From Your Spec Code:
    at Context.eval (webpack:///./cypress/e2e/visual/login.js:14:13)]]></failure>
    </testcase>
  </testsuite>
</testsuites>